Arguments: 
  /usr/local/bin/node /home/martijn/.yarn/bin/yarn.js init

PATH: 
  /home/martijn/.yarn/bin:/home/martijn/.config/yarn/global/node_modules/.bin:/usr/local/sbin:/usr/local/bin:/usr/sbin:/usr/bin:/sbin:/bin:/usr/games:/usr/local/games:/snap/bin:/snap/bin

Yarn version: 
  1.22.19

Node version: 
  16.17.0

Platform: 
  linux x64

Trace: 
  Error: canceled
      at Interface.<anonymous> (/home/martijn/.yarn/lib/cli.js:137150:13)
      at Interface.emit (node:events:513:28)
      at Interface._ttyWrite (node:readline:1085:16)
      at ReadStream.onkeypress (node:readline:291:10)
      at ReadStream.emit (node:events:513:28)
      at emitKeys (node:internal/readline/utils:357:14)
      at emitKeys.next (<anonymous>)
      at ReadStream.onData (node:internal/readline/emitKeypressEvents:61:36)
      at ReadStream.emit (node:events:513:28)
      at addChunk (node:internal/streams/readable:315:12)

npm manifest: 
  {
    "name": "done-with-it-backend",
    "version": "1.0.0",
    "description": "",
    "main": "index.js",
    "scripts": {
      "start": "node index.js"
    },
    "engines": {
      "node": "12.6.x"
    },
    "keywords": [],
    "author": "Mosh Hamedani",
    "license": "ISC",
    "dependencies": {
      "body-parser": "^1.19.0",
      "compression": "^1.7.4",
      "config": "^3.3.1",
      "expo-server-sdk": "^3.5.0",
      "express": "^4.17.1",
      "helmet": "^3.22.0",
      "joi": "^14.3.1",
      "jsonwebtoken": "^8.5.1",
      "multer": "^1.4.2",
      "sharp": "^0.25.2"
    },
    "devDependencies": {
      "nodemon": "^2.0.2"
    }
  }

yarn manifest: 
  No manifest

Lockfile: 
  No lockfile
